<?xml version="1.0" encoding="UTF-8"?>
<!-- Generated by org.testng.reporters.JUnitReportReporter -->
<testsuite skipped="0" hostname="mvenkatesan-m03.vmware.com" name="test.TestCases" tests="1" failures="0" timestamp="17 Nov 2016 19:40:56 GMT" time="0.014" errors="0">
  <testcase name="BSTTest" time="0.014" classname="test.TestCases"/>
</testsuite> <!-- test.TestCases -->
